
> frontend@0.1.0 build
> next build

▲ Next.js 16.2.6 (Turbopack)
- Experiments (use with caution):
  · cpus: 2

  Creating an optimized production build ...
✓ Compiled successfully in 2.3s
  Running TypeScript ...
  Finished TypeScript in 3.6s ...
  Collecting page data using 2 workers ...
  Generating static pages using 2 workers (0/12) ...
  Generating static pages using 2 workers (3/12) 
  Generating static pages using 2 workers (6/12) 
  Generating static pages using 2 workers (9/12) 
✓ Generating static pages using 2 workers (12/12) in 284ms
  Finalizing page optimization ...

Route (app)
┌ ○ /
├ ○ /_not-found
├ ○ /dashboard
├ ○ /dashboard/clientes
├ ○ /dashboard/configuracoes
├ ○ /dashboard/financeiro
├ ○ /dashboard/pessoas
├ ƒ /dashboard/pessoas/[id]
├ ○ /dashboard/projetos
├ ƒ /dashboard/projetos/[id]
├ ○ /dashboard/suporte
└ ○ /login


○  (Static)   prerendered as static content
ƒ  (Dynamic)  server-rendered on demand

